adsa	=>	SMALL
afasfas	=>	SMALL
AAAA	=>	BIG
GAGSGA	=>	BIG
asAFgaAS	=>	ALL
ASgweASge	=>	ALL
0255	=>	DIGIT
ঢাকা	=>	IDENTIFIER
অগাস্ট	=>	IDENTIFIER
০৮	=>	NUMBER
বিডিনিউজ	=>	IDENTIFIER
টোয়েন্টিফোর	=>	IDENTIFIER
ডটকম	=>	IDENTIFIER
পদ্মা	=>	IDENTIFIER
সেতুর	=>	IDENTIFIER
জন্য	=>	IDENTIFIER
নেওয়া	=>	IDENTIFIER
অর্থ	=>	IDENTIFIER
অন্য	=>	IDENTIFIER
কোনো	=>	IDENTIFIER
খাতে	=>	IDENTIFIER
ব্যয়	=>	IDENTIFIER
করা	=>	IDENTIFIER
হবে	=>	IDENTIFIER
না	=>	IDENTIFIER
যে	=>	IDENTIFIER
প্রজ্ঞাপনের	=>	IDENTIFIER
ভিত্তিতে	=>	IDENTIFIER
বহু	=>	IDENTIFIER
প্রতীক্ষিত	=>	IDENTIFIER
এই	=>	IDENTIFIER
সেতু	=>	IDENTIFIER
নির্মাণে	=>	IDENTIFIER
অনুদান	=>	IDENTIFIER
সংগ্রহের	=>	IDENTIFIER
জন্য	=>	IDENTIFIER
সব	=>	IDENTIFIER
ব্যাংকের	=>	IDENTIFIER
শাখায়	=>	IDENTIFIER
হিসাব	=>	IDENTIFIER
খোলার	=>	IDENTIFIER
নির্দেশ	=>	IDENTIFIER
বুধবার	=>	IDENTIFIER
দিয়েছে	=>	IDENTIFIER
কেন্দ্রীয়	=>	IDENTIFIER
ব্যাংক	=>	IDENTIFIER
তাতেই	=>	IDENTIFIER
এই	=>	IDENTIFIER
তথ্য	=>	IDENTIFIER
জানিয়েছে	=>	IDENTIFIER
অর্থ	=>	IDENTIFIER
বিভাগ	=>	IDENTIFIER
এতে	=>	IDENTIFIER
বলা	=>	IDENTIFIER
হয়েছে	=>	IDENTIFIER
পদ্মা	=>	IDENTIFIER
প্রকল্পের	=>	IDENTIFIER
জন্য	=>	IDENTIFIER
দেশের	=>	IDENTIFIER
মানুষ	=>	IDENTIFIER
ও	=>	IDENTIFIER
প্রবাসীরা	=>	IDENTIFIER
যে	=>	IDENTIFIER
অনুদান	=>	IDENTIFIER
দেবেন	=>	IDENTIFIER
তা	=>	IDENTIFIER
পদ্মা	=>	IDENTIFIER
সেতু	=>	IDENTIFIER
বাস্তবায়ন	=>	IDENTIFIER
ছাড়া	=>	IDENTIFIER
অন্য	=>	IDENTIFIER
কোনো	=>	IDENTIFIER
কাজে	=>	IDENTIFIER
ব্যয়	=>	IDENTIFIER
করা	=>	IDENTIFIER
যাবে	=>	IDENTIFIER
না	=>	IDENTIFIER
